<?xml version="1.0" encoding="UTF-8"?>
<!-- Generated by org.testng.reporters.JUnitXMLReporter -->
<testsuite hostname="DIN19001737" ignored="0" name="Sample test" tests="1" failures="1" timestamp="16 Jan 2019 11:11:17 GMT" time="0.014" errors="0">
  <testcase name="CRMLoginTest" time="0.0" classname="com.Parameters.ParametersTest">
    <failure type="org.testng.TestNGException" message="
Parameter &amp;apos;QA&amp;apos; is required by @Test on method CRMLoginTest but has not been marked @Optional or defined
in C:\Users\shivpath\Desktop\Testng.xml">
      <![CDATA[org.testng.TestNGException: 
Parameter 'QA' is required by @Test on method CRMLoginTest but has not been marked @Optional or defined
in C:\Users\shivpath\Desktop\Testng.xml
... Removed 24 stack frames]]>
    </failure>
  </testcase> <!-- CRMLoginTest -->
</testsuite> <!-- Sample test -->
